# JRE version: Java(TM) SE Runtime Environment (8.0_221-b11) (build 1.8.0_221-b11)
# Java VM: Java HotSpot(TM) 64-Bit Server VM (25.221-b11 mixed mode windows-amd64 compressed oops)
Heap:
 PSYoungGen      total 119808K, used 450K [0x00000000d5f80000, 0x00000000f4f00000, 0x0000000100000000)
  eden space 119296K, 0% used [0x00000000d5f80000,0x00000000d5f80870,0x00000000dd400000)
  from space 512K, 87% used [0x00000000f3f00000,0x00000000f3f70000,0x00000000f3f80000)
  to   space 12800K, 0% used [0x00000000f4280000,0x00000000f4280000,0x00000000f4f00000)
 ParOldGen       total 87552K, used 14374K [0x0000000081e00000, 0x0000000087380000, 0x00000000d5f80000)
  object space 87552K, 16% used [0x0000000081e00000,0x0000000082c09a88,0x0000000087380000)
 Metaspace       used 9881K, capacity 10117K, committed 10368K, reserved 1058816K
  class space    used 963K, capacity 1059K, committed 1152K, reserved 1048576K
GC Heap History (10 events):
Event: 25.297 GC heap before
{Heap before GC invocations=43 (full 0):
 PSYoungGen      total 152576K, used 152128K [0x00000000d5f80000, 0x00000000f6c80000, 0x0000000100000000)
  eden space 145408K, 100% used [0x00000000d5f80000,0x00000000ded80000,0x00000000ded80000)
  from space 7168K, 93% used [0x00000000f6580000,0x00000000f6c10060,0x00000000f6c80000)
  to   space 12288K, 0% used [0x00000000f5480000,0x00000000f5480000,0x00000000f6080000)
 ParOldGen       total 87552K, used 14310K [0x0000000081e00000, 0x0000000087380000, 0x00000000d5f80000)
  object space 87552K, 16% used [0x0000000081e00000,0x0000000082bf9a88,0x0000000087380000)
 Metaspace       used 9880K, capacity 10117K, committed 10368K, reserved 1058816K
  class space    used 963K, capacity 1059K, committed 1152K, reserved 1048576K
Event: 25.300 GC heap after
Heap after GC invocations=43 (full 0):
 PSYoungGen      total 143872K, used 3584K [0x00000000d5f80000, 0x00000000f6600000, 0x0000000100000000)
  eden space 139776K, 0% used [0x00000000d5f80000,0x00000000d5f80000,0x00000000de800000)
  from space 4096K, 87% used [0x00000000f5480000,0x00000000f5800030,0x00000000f5880000)
  to   space 12288K, 0% used [0x00000000f5a00000,0x00000000f5a00000,0x00000000f6600000)
 ParOldGen       total 87552K, used 14326K [0x0000000081e00000, 0x0000000087380000, 0x00000000d5f80000)
  object space 87552K, 16% used [0x0000000081e00000,0x0000000082bfda88,0x0000000087380000)
 Metaspace       used 9880K, capacity 10117K, committed 10368K, reserved 1058816K
  class space    used 963K, capacity 1059K, committed 1152K, reserved 1048576K
}
Event: 25.592 GC heap before
{Heap before GC invocations=44 (full 0):
 PSYoungGen      total 143872K, used 143360K [0x00000000d5f80000, 0x00000000f6600000, 0x0000000100000000)
  eden space 139776K, 100% used [0x00000000d5f80000,0x00000000de800000,0x00000000de800000)
  from space 4096K, 87% used [0x00000000f5480000,0x00000000f5800030,0x00000000f5880000)
  to   space 12288K, 0% used [0x00000000f5a00000,0x00000000f5a00000,0x00000000f6600000)
 ParOldGen       total 87552K, used 14326K [0x0000000081e00000, 0x0000000087380000, 0x00000000d5f80000)
  object space 87552K, 16% used [0x0000000081e00000,0x0000000082bfda88,0x0000000087380000)
 Metaspace       used 9880K, capacity 10117K, committed 10368K, reserved 1058816K
  class space    used 963K, capacity 1059K, committed 1152K, reserved 1048576K
Event: 25.596 GC heap after
Heap after GC invocations=44 (full 0):
 PSYoungGen      total 142336K, used 7712K [0x00000000d5f80000, 0x00000000f6200000, 0x0000000100000000)
  eden space 134144K, 0% used [0x00000000d5f80000,0x00000000d5f80000,0x00000000de280000)
  from space 8192K, 94% used [0x00000000f5a00000,0x00000000f6188070,0x00000000f6200000)
  to   space 12288K, 0% used [0x00000000f4a00000,0x00000000f4a00000,0x00000000f5600000)
 ParOldGen       total 87552K, used 14334K [0x0000000081e00000, 0x0000000087380000, 0x00000000d5f80000)
  object space 87552K, 16% used [0x0000000081e00000,0x0000000082bffa88,0x0000000087380000)
 Metaspace       used 9880K, capacity 10117K, committed 10368K, reserved 1058816K
  class space    used 963K, capacity 1059K, committed 1152K, reserved 1048576K
}
Event: 25.883 GC heap before
{Heap before GC invocations=45 (full 0):
 PSYoungGen      total 142336K, used 141856K [0x00000000d5f80000, 0x00000000f6200000, 0x0000000100000000)
  eden space 134144K, 100% used [0x00000000d5f80000,0x00000000de280000,0x00000000de280000)
  from space 8192K, 94% used [0x00000000f5a00000,0x00000000f6188070,0x00000000f6200000)
  to   space 12288K, 0% used [0x00000000f4a00000,0x00000000f4a00000,0x00000000f5600000)
 ParOldGen       total 87552K, used 14334K [0x0000000081e00000, 0x0000000087380000, 0x00000000d5f80000)
  object space 87552K, 16% used [0x0000000081e00000,0x0000000082bffa88,0x0000000087380000)
 Metaspace       used 9880K, capacity 10117K, committed 10368K, reserved 1058816K
  class space    used 963K, capacity 1059K, committed 1152K, reserved 1048576K
Event: 25.887 GC heap after
Heap after GC invocations=45 (full 0):
 PSYoungGen      total 132608K, used 3552K [0x00000000d5f80000, 0x00000000f5a80000, 0x0000000100000000)
  eden space 129024K, 0% used [0x00000000d5f80000,0x00000000d5f80000,0x00000000ddd80000)
  from space 3584K, 99% used [0x00000000f4a00000,0x00000000f4d78030,0x00000000f4d80000)
  to   space 12288K, 0% used [0x00000000f4e80000,0x00000000f4e80000,0x00000000f5a80000)
 ParOldGen       total 87552K, used 14358K [0x0000000081e00000, 0x0000000087380000, 0x00000000d5f80000)
  object space 87552K, 16% used [0x0000000081e00000,0x0000000082c05a88,0x0000000087380000)
 Metaspace       used 9880K, capacity 10117K, committed 10368K, reserved 1058816K
  class space    used 963K, capacity 1059K, committed 1152K, reserved 1048576K
}
Event: 26.165 GC heap before
{Heap before GC invocations=46 (full 0):
 PSYoungGen      total 132608K, used 132576K [0x00000000d5f80000, 0x00000000f5a80000, 0x0000000100000000)
  eden space 129024K, 100% used [0x00000000d5f80000,0x00000000ddd80000,0x00000000ddd80000)
  from space 3584K, 99% used [0x00000000f4a00000,0x00000000f4d78030,0x00000000f4d80000)
  to   space 12288K, 0% used [0x00000000f4e80000,0x00000000f4e80000,0x00000000f5a80000)
 ParOldGen       total 87552K, used 14358K [0x0000000081e00000, 0x0000000087380000, 0x00000000d5f80000)
  object space 87552K, 16% used [0x0000000081e00000,0x0000000082c05a88,0x0000000087380000)
 Metaspace       used 9881K, capacity 10117K, committed 10368K, reserved 1058816K
  class space    used 963K, capacity 1059K, committed 1152K, reserved 1048576K
Event: 26.168 GC heap after
Heap after GC invocations=46 (full 0):
 PSYoungGen      total 132608K, used 8640K [0x00000000d5f80000, 0x00000000f5700000, 0x0000000100000000)
  eden space 123904K, 0% used [0x00000000d5f80000,0x00000000d5f80000,0x00000000dd880000)
  from space 8704K, 99% used [0x00000000f4e80000,0x00000000f56f0080,0x00000000f5700000)
  to   space 12288K, 0% used [0x00000000f3f00000,0x00000000f3f00000,0x00000000f4b00000)
 ParOldGen       total 87552K, used 14366K [0x0000000081e00000, 0x0000000087380000, 0x00000000d5f80000)
  object space 87552K, 16% used [0x0000000081e00000,0x0000000082c07a88,0x0000000087380000)
 Metaspace       used 9881K, capacity 10117K, committed 10368K, reserved 1058816K
  class space    used 963K, capacity 1059K, committed 1152K, reserved 1048576K
}
Event: 26.462 GC heap before
{Heap before GC invocations=47 (full 0):
 PSYoungGen      total 132608K, used 132544K [0x00000000d5f80000, 0x00000000f5700000, 0x0000000100000000)
  eden space 123904K, 100% used [0x00000000d5f80000,0x00000000dd880000,0x00000000dd880000)
  from space 8704K, 99% used [0x00000000f4e80000,0x00000000f56f0080,0x00000000f5700000)
  to   space 12288K, 0% used [0x00000000f3f00000,0x00000000f3f00000,0x00000000f4b00000)
 ParOldGen       total 87552K, used 14366K [0x0000000081e00000, 0x0000000087380000, 0x00000000d5f80000)
  object space 87552K, 16% used [0x0000000081e00000,0x0000000082c07a88,0x0000000087380000)
 Metaspace       used 9881K, capacity 10117K, committed 10368K, reserved 1058816K
  class space    used 963K, capacity 1059K, committed 1152K, reserved 1048576K
Event: 26.465 GC heap after
Heap after GC invocations=47 (full 0):
 PSYoungGen      total 119808K, used 448K [0x00000000d5f80000, 0x00000000f4f00000, 0x0000000100000000)
  eden space 119296K, 0% used [0x00000000d5f80000,0x00000000d5f80000,0x00000000dd400000)
  from space 512K, 87% used [0x00000000f3f00000,0x00000000f3f70000,0x00000000f3f80000)
  to   space 12800K, 0% used [0x00000000f4280000,0x00000000f4280000,0x00000000f4f00000)
 ParOldGen       total 87552K, used 14374K [0x0000000081e00000, 0x0000000087380000, 0x00000000d5f80000)
  object space 87552K, 16% used [0x0000000081e00000,0x0000000082c09a88,0x0000000087380000)
 Metaspace       used 9881K, capacity 10117K, committed 10368K, reserved 1058816K
  class space    used 963K, capacity 1059K, committed 1152K, reserved 1048576K
}

